<?xml version="1.0" encoding="UTF-8"?>
<!-- Generated by org.testng.reporters.JUnitXMLReporter -->
<testsuite hostname="lenovo-PC" ignored="0" name="Command line test" tests="1" failures="0" timestamp="26 May 2020 08:31:05 GMT" time="18.013" errors="0">
  <testcase name="@BeforeMethod setup" time="17.954" classname="com.naukari.Test.BaseTest">
    <failure type="java.lang.NullPointerException">
      <![CDATA[java.lang.NullPointerException
at com.naukari.Test.BaseTest.setup(BaseTest.java:38)
... Removed 38 stack frames]]>
    </failure>
  </testcase> <!-- @BeforeMethod setup -->
  <testcase name="@AfterMethod CloseBrowser" time="0.0" classname="com.naukari.Test.BaseTest">
    <skipped/>
  </testcase> <!-- @AfterMethod CloseBrowser -->
  <testcase name="login" time="0.0" classname="com.naukari.Test.LoginTest">
    <skipped/>
  </testcase> <!-- login -->
</testsuite> <!-- Command line test -->
