<?xml version="1.0" encoding="UTF-8"?>
<testng-results skipped="0" failed="0" ignored="0" total="1" passed="1">
  <reporter-output>
  </reporter-output>
  <suite name="Default suite" duration-ms="60582" started-at="2020-06-11T09:24:20Z" finished-at="2020-06-11T09:25:21Z">
    <groups>
    </groups>
    <test name="Default test" duration-ms="60582" started-at="2020-06-11T09:24:20Z" finished-at="2020-06-11T09:25:21Z">
      <class name="com.naukari.Test.LoginTest">
        <test-method status="PASS" signature="setup()[pri:0, instance:com.naukari.Test.LoginTest@42e26948]" name="setup" is-config="true" duration-ms="29046" started-at="2020-06-11T09:24:21Z" finished-at="2020-06-11T09:24:50Z">
          <reporter-output>
          </reporter-output>
        </test-method> <!-- setup -->
        <test-method status="PASS" signature="login()[pri:0, instance:com.naukari.Test.LoginTest@42e26948]" name="login" duration-ms="26293" started-at="2020-06-11T09:24:50Z" finished-at="2020-06-11T09:25:16Z">
          <reporter-output>
          </reporter-output>
        </test-method> <!-- login -->
        <test-method status="PASS" signature="CloseBrowser()[pri:0, instance:com.naukari.Test.LoginTest@42e26948]" name="CloseBrowser" is-config="true" duration-ms="5139" started-at="2020-06-11T09:25:16Z" finished-at="2020-06-11T09:25:21Z">
          <reporter-output>
          </reporter-output>
        </test-method> <!-- CloseBrowser -->
      </class> <!-- com.naukari.Test.LoginTest -->
    </test> <!-- Default test -->
  </suite> <!-- Default suite -->
</testng-results>
